{
  "stats": {
    "suites": 1,
    "tests": 3,
    "passes": 0,
    "pending": 0,
    "failures": 3,
    "start": "2024-03-17T23:20:43.843Z",
    "end": "2024-03-17T23:21:06.363Z",
    "duration": 22520,
    "testsRegistered": 3,
    "passPercent": 0,
    "pendingPercent": 0,
    "other": 0,
    "hasOther": false,
    "skipped": 0,
    "hasSkipped": false
  },
  "results": [
    {
      "uuid": "db78fccd-69a2-4e2c-9cd5-aedcab27de94",
      "title": "",
      "fullFile": "cypress\\e2e\\lojaEBAC\\intercept_test.cy.js",
      "file": "cypress\\e2e\\lojaEBAC\\intercept_test.cy.js",
      "beforeHooks": [],
      "afterHooks": [],
      "tests": [],
      "suites": [
        {
          "uuid": "79c45217-a48c-4593-9000-6a1ce8c0384d",
          "title": "Testes com intercept",
          "fullFile": "",
          "file": "",
          "beforeHooks": [],
          "afterHooks": [],
          "tests": [
            {
              "title": "Intercept - Adicionar item no carrinho",
              "fullTitle": "Testes com intercept Intercept - Adicionar item no carrinho",
              "timedOut": null,
              "duration": 8821,
              "state": "failed",
              "speed": null,
              "pass": false,
              "fail": true,
              "pending": false,
              "context": null,
              "code": "cy.get('.product-block ') //escolhendo primeiro produto\n.contains('Augusta Pullover Jacket').click();\ncy.get('.button-variable-item-XS').click();\ncy.get('.button-variable-item-Blue').click();\ncy.get('.single_add_to_cart_button').click();\ncy.intercept('POST', 'http://lojaebac.ebaconline.art.br/wp-admin/admin-ajax.php', {\n  statusCode: 200,\n  body: {\n    mensagem: 'Interceptado com sucesso!'\n  }\n}).as('solicitacaoInterceptada');\ncy.get('.single_add_to_cart_button').click();\ncy.wait('@solicitacaoInterceptada').its('response.statusCode').should('eq', 200);\ncy.wait('@solicitacaoInterceptada').its('response.body.mensagem').should('eq', \"Interceptado com sucesso!\");",
              "err": {
                "message": "CypressError: Timed out retrying after 5000ms: `cy.wait()` timed out waiting `5000ms` for the 1st request to the route: `solicitacaoInterceptada`. No request ever occurred.\n\nhttps://on.cypress.io/wait",
                "estack": "CypressError: Timed out retrying after 5000ms: `cy.wait()` timed out waiting `5000ms` for the 1st request to the route: `solicitacaoInterceptada`. No request ever occurred.\n\nhttps://on.cypress.io/wait\n    at cypressErr (http://lojaebac.ebaconline.art.br/__cypress/runner/cypress_runner.js:75257:18)\n    at Object.errByPath (http://lojaebac.ebaconline.art.br/__cypress/runner/cypress_runner.js:75312:10)\n    at checkForXhr (http://lojaebac.ebaconline.art.br/__cypress/runner/cypress_runner.js:135498:84)\n    at <unknown> (http://lojaebac.ebaconline.art.br/__cypress/runner/cypress_runner.js:135524:28)\n    at tryCatcher (http://lojaebac.ebaconline.art.br/__cypress/runner/cypress_runner.js:1807:23)\n    at Promise.attempt.Promise.try (http://lojaebac.ebaconline.art.br/__cypress/runner/cypress_runner.js:4315:29)\n    at whenStable (http://lojaebac.ebaconline.art.br/__cypress/runner/cypress_runner.js:143918:68)\n    at <unknown> (http://lojaebac.ebaconline.art.br/__cypress/runner/cypress_runner.js:143859:14)\n    at tryCatcher (http://lojaebac.ebaconline.art.br/__cypress/runner/cypress_runner.js:1807:23)\n    at Promise._settlePromiseFromHandler (http://lojaebac.ebaconline.art.br/__cypress/runner/cypress_runner.js:1519:31)\n    at Promise._settlePromise (http://lojaebac.ebaconline.art.br/__cypress/runner/cypress_runner.js:1576:18)\n    at Promise._settlePromise0 (http://lojaebac.ebaconline.art.br/__cypress/runner/cypress_runner.js:1621:10)\n    at Promise._settlePromises (http://lojaebac.ebaconline.art.br/__cypress/runner/cypress_runner.js:1701:18)\n    at Promise._fulfill (http://lojaebac.ebaconline.art.br/__cypress/runner/cypress_runner.js:1645:18)\n    at <unknown> (http://lojaebac.ebaconline.art.br/__cypress/runner/cypress_runner.js:5450:46)\nFrom Your Spec Code:\n    at Context.eval (webpack://cypress_estudo/./cypress/e2e/lojaEBAC/intercept_test.cy.js:23:7)",
                "diff": null
              },
              "uuid": "dd429b97-efd8-42a4-b94f-43d97500de43",
              "parentUUID": "79c45217-a48c-4593-9000-6a1ce8c0384d",
              "isHook": false,
              "skipped": false
            },
            {
              "title": "Intercept - Remover item do",
              "fullTitle": "Testes com intercept Intercept - Remover item do",
              "timedOut": null,
              "duration": 7288,
              "state": "failed",
              "speed": null,
              "pass": false,
              "fail": true,
              "pending": false,
              "context": null,
              "code": "cy.comprarProduto();\ncy.get('.sub-title').click();\ncy.get('#cart > .dropdown-menu > .widget_shopping_cart_content > .mini_cart_content > .mini_cart_inner > .mcart-border > .buttons > .view-cart').click();\ncy.intercept('GET', 'http://lojaebac.ebaconline.art.br/carrinho/?removed_item=1', {\n  statusCode: 200,\n  body: {\n    mensagem: 'Interceptado com sucesso!'\n  }\n}).as('solicitacaoInterceptada');\ncy.get('.remove > .fa').click();\ncy.wait('@solicitacaoInterceptada').its('response.statusCode').should('eq', 200);",
              "err": {
                "message": "AssertionError: Timed out retrying after 4000ms: Expected to find element: `.woocommerce-message > .button`, but never found it.",
                "estack": "AssertionError: Timed out retrying after 4000ms: Expected to find element: `.woocommerce-message > .button`, but never found it.\n    at Context.eval (webpack://cypress_estudo/./cypress/support/commands.js:46:7)",
                "diff": null
              },
              "uuid": "184cb539-32d4-4cd9-85f9-6f7c689c29bf",
              "parentUUID": "79c45217-a48c-4593-9000-6a1ce8c0384d",
              "isHook": false,
              "skipped": false
            },
            {
              "title": "Intercept - Aumentar quantidade",
              "fullTitle": "Testes com intercept Intercept - Aumentar quantidade",
              "timedOut": null,
              "duration": 6185,
              "state": "failed",
              "speed": null,
              "pass": false,
              "fail": true,
              "pending": false,
              "context": null,
              "code": "cy.comprarProduto();\ncy.get('.sub-title').click();\ncy.get('#cart > .dropdown-menu > .widget_shopping_cart_content > .mini_cart_content > .mini_cart_inner > .mcart-border > .buttons > .view-cart').click();\ncy.intercept('POST', 'http://lojaebac.ebaconline.art.br/carrinho/', {\n  statusCode: 200,\n  body: {\n    mensagem: 'Interceptado com sucesso!'\n  }\n}).as('solicitacaoInterceptada');\ncy.get('.plus').click();\ncy.wait('@solicitacaoInterceptada').its('response.statusCode').should('eq', 200);",
              "err": {
                "message": "AssertionError: Timed out retrying after 4000ms: Expected to find element: `.woocommerce-message > .button`, but never found it.",
                "estack": "AssertionError: Timed out retrying after 4000ms: Expected to find element: `.woocommerce-message > .button`, but never found it.\n    at Context.eval (webpack://cypress_estudo/./cypress/support/commands.js:46:7)",
                "diff": null
              },
              "uuid": "fee4b8bd-9475-49dd-a46e-3a0c35e20782",
              "parentUUID": "79c45217-a48c-4593-9000-6a1ce8c0384d",
              "isHook": false,
              "skipped": false
            }
          ],
          "suites": [],
          "passes": [],
          "failures": [
            "dd429b97-efd8-42a4-b94f-43d97500de43",
            "184cb539-32d4-4cd9-85f9-6f7c689c29bf",
            "fee4b8bd-9475-49dd-a46e-3a0c35e20782"
          ],
          "pending": [],
          "skipped": [],
          "duration": 22294,
          "root": false,
          "rootEmpty": false,
          "_timeout": 2000
        }
      ],
      "passes": [],
      "failures": [],
      "pending": [],
      "skipped": [],
      "duration": 0,
      "root": true,
      "rootEmpty": true,
      "_timeout": 2000
    }
  ],
  "meta": {
    "mocha": {
      "version": "7.0.1"
    },
    "mochawesome": {
      "options": {
        "quiet": false,
        "reportFilename": "mochawesome",
        "saveHtml": true,
        "saveJson": true,
        "consoleReporter": "spec",
        "useInlineDiffs": false,
        "code": true
      },
      "version": "7.1.3"
    },
    "marge": {
      "options": {
        "reportFile": "[name]-result",
        "html": true
      },
      "version": "6.2.0"
    }
  }
}